2024-08-13 23:29:25,160 [main] INFO CoverFoxInsurance - Opening browser
2024-08-13 23:29:53,756 [main] INFO CoverFoxInsurance - Clicking on female button
2024-08-13 23:29:56,006 [main] INFO CoverFoxInsurance - Click on next button
2024-08-13 23:30:00,204 [main] WARN CoverFoxInsurance - Enter age between 18-90 years
2024-08-13 23:30:00,205 [main] INFO CoverFoxInsurance - Handling age drop down
2024-08-13 23:30:00,339 [main] INFO CoverFoxInsurance - Click on next button
2024-08-13 23:30:02,777 [main] WARN CoverFoxInsurance - Please enter valid pincode
2024-08-13 23:30:02,782 [main] INFO CoverFoxInsurance - Entering pin code
2024-08-13 23:30:04,111 [main] WARN CoverFoxInsurance - Please enter valid mobile number
2024-08-13 23:30:04,112 [main] INFO CoverFoxInsurance - Entering mobile number
2024-08-13 23:30:05,309 [main] INFO CoverFoxInsurance - Click on continue button
2024-08-13 23:31:37,901 [main] INFO CoverFoxInsurance - Opening browser
2024-08-13 23:31:46,180 [main] INFO CoverFoxInsurance - Clicking on female button
2024-08-13 23:31:48,450 [main] INFO CoverFoxInsurance - Click on next button
2024-08-13 23:31:52,077 [main] WARN CoverFoxInsurance - Enter age between 18-90 years
2024-08-13 23:31:52,079 [main] INFO CoverFoxInsurance - Handling age drop down
2024-08-13 23:31:52,194 [main] INFO CoverFoxInsurance - Click on next button
2024-08-13 23:31:54,476 [main] WARN CoverFoxInsurance - Please enter valid pincode
2024-08-13 23:31:54,477 [main] INFO CoverFoxInsurance - Entering pin code
2024-08-13 23:31:55,797 [main] WARN CoverFoxInsurance - Please enter valid mobile number
2024-08-13 23:31:55,797 [main] INFO CoverFoxInsurance - Entering mobile number
2024-08-13 23:31:56,943 [main] INFO CoverFoxInsurance - Click on continue button
2024-08-13 23:32:01,174 [main] INFO CoverFoxInsurance - Validating banners
2024-08-13 23:32:04,202 [main] INFO CoverFoxInsurance - Validating presesnce of sort button
2024-08-13 23:32:04,469 [main] INFO CoverFoxInsurance - Closing browser
2024-08-13 23:36:33,033 [main] INFO CoverFoxInsurance - Opening browser
2024-08-13 23:36:42,005 [main] INFO CoverFoxInsurance - Clicking on female button
2024-08-13 23:36:44,276 [main] INFO CoverFoxInsurance - Click on next button
2024-08-13 23:36:48,427 [main] WARN CoverFoxInsurance - Enter age between 18-90 years
2024-08-13 23:36:48,429 [main] INFO CoverFoxInsurance - Handling age drop down
2024-08-13 23:36:48,585 [main] INFO CoverFoxInsurance - Click on next button
2024-08-13 23:36:50,930 [main] WARN CoverFoxInsurance - Please enter valid pincode
2024-08-13 23:36:50,932 [main] INFO CoverFoxInsurance - Entering pin code
2024-08-13 23:36:52,604 [main] WARN CoverFoxInsurance - Please enter valid mobile number
2024-08-13 23:36:52,606 [main] INFO CoverFoxInsurance - Entering mobile number
2024-08-13 23:36:53,921 [main] INFO CoverFoxInsurance - Click on continue button
2024-08-13 23:36:58,199 [main] INFO CoverFoxInsurance - Validating banners
2024-08-13 23:37:01,217 [main] INFO CoverFoxInsurance - Validating presesnce of sort button
2024-08-13 23:37:01,551 [main] INFO CoverFoxInsurance - Closing browser
2024-08-14 00:01:39,125 [main] INFO CoverFoxInsurance - Opening browser
2024-08-14 00:01:46,553 [main] INFO CoverFoxInsurance - Clicking on female button
2024-08-14 00:01:48,811 [main] INFO CoverFoxInsurance - Click on next button
2024-08-14 00:01:52,763 [main] WARN CoverFoxInsurance - Enter age between 18-90 years
2024-08-14 00:01:52,765 [main] INFO CoverFoxInsurance - Handling age drop down
2024-08-14 00:01:52,936 [main] INFO CoverFoxInsurance - Click on next button
2024-08-14 00:01:55,250 [main] WARN CoverFoxInsurance - Please enter valid pincode
2024-08-14 00:01:55,251 [main] INFO CoverFoxInsurance - Entering pin code
2024-08-14 00:01:56,554 [main] WARN CoverFoxInsurance - Please enter valid mobile number
2024-08-14 00:01:56,555 [main] INFO CoverFoxInsurance - Entering mobile number
2024-08-14 00:01:57,707 [main] INFO CoverFoxInsurance - Click on continue button
2024-08-14 00:02:01,950 [main] INFO CoverFoxInsurance - Validating banners
2024-08-14 00:02:04,969 [main] INFO CoverFoxInsurance - Validating presesnce of sort button
2024-08-14 00:02:05,310 [main] INFO CoverFoxInsurance - Closing browser
2024-08-14 00:08:00,706 [main] INFO CoverFoxInsurance - Opening browser
2024-08-14 00:08:09,152 [main] INFO CoverFoxInsurance - Clicking on female button
2024-08-14 00:08:11,412 [main] INFO CoverFoxInsurance - Click on next button
2024-08-14 00:08:16,476 [main] WARN CoverFoxInsurance - Enter age between 18-90 years
2024-08-14 00:08:16,478 [main] INFO CoverFoxInsurance - Handling age drop down
2024-08-14 00:08:16,618 [main] INFO CoverFoxInsurance - Click on next button
2024-08-14 00:08:18,981 [main] WARN CoverFoxInsurance - Please enter valid pincode
2024-08-14 00:08:18,983 [main] INFO CoverFoxInsurance - Entering pin code
2024-08-14 00:08:20,563 [main] WARN CoverFoxInsurance - Please enter valid mobile number
2024-08-14 00:08:20,565 [main] INFO CoverFoxInsurance - Entering mobile number
2024-08-14 00:08:21,702 [main] INFO CoverFoxInsurance - Click on continue button
2024-08-14 00:08:25,870 [main] INFO CoverFoxInsurance - Validating banners
2024-08-14 00:08:28,900 [main] INFO CoverFoxInsurance - Validating presesnce of sort button
2024-08-14 00:08:29,242 [main] INFO CoverFoxInsurance - Closing browser
2024-08-14 00:12:05,299 [main] INFO CoverFoxInsurance - Opening browser
2024-08-14 00:12:11,304 [main] INFO CoverFoxInsurance - Clicking on female button
2024-08-14 00:12:14,174 [main] INFO CoverFoxInsurance - Click on next button
2024-08-14 00:12:18,487 [main] WARN CoverFoxInsurance - Enter age between 18-90 years
2024-08-14 00:12:18,489 [main] INFO CoverFoxInsurance - Handling age drop down
2024-08-14 00:12:18,664 [main] INFO CoverFoxInsurance - Click on next button
2024-08-14 00:12:21,030 [main] WARN CoverFoxInsurance - Please enter valid pin code
2024-08-14 00:12:21,031 [main] INFO CoverFoxInsurance - Entering pin code
2024-08-14 00:12:22,486 [main] WARN CoverFoxInsurance - Please enter valid mobile number
2024-08-14 00:12:22,487 [main] INFO CoverFoxInsurance - Entering mobile number
2024-08-14 00:12:23,688 [main] INFO CoverFoxInsurance - Click on continue button
2024-08-14 00:12:27,923 [main] INFO CoverFoxInsurance - Validating banners
2024-08-14 00:12:30,948 [main] INFO CoverFoxInsurance - Validating presence of sort button
2024-08-14 00:12:31,286 [main] INFO CoverFoxInsurance - Closing browser
